<?xml version="1.0" encoding="UTF-8" ?>
<testsuite errors="0" failures="0" hostname="MacZap.local" name="zutils.ZUtilsTest" tests="17" time="0.094" timestamp="2013-02-15T01:56:44">
  <properties>
[...]
</properties>
  <testcase classname="zutils.ZUtilsTest" name="deveriaTerObjeto" time="0.011" />
  <testcase classname="zutils.ZUtilsTest" name="deveriaTerTresObjeto" time="0.0" />
  <testcase classname="zutils.ZUtilsTest" name="deveriaConverterStringParaInteiro" time="0.0010" />
  <testcase classname="zutils.ZUtilsTest" name="deveriaConverterInteiroParaString" time="0.0" />
  <testcase classname="zutils.ZUtilsTest" name="deveriaConverterInteiroParaStringEstaticamente" time="0.0" />
  <testcase classname="zutils.ZUtilsTest" name="deveriaConverterStringParaInteiroEstaticamente" time="0.0" />
  <testcase classname="zutils.ZUtilsTest" name="deveriaCriarUmObjetoRegistradoNaFabrica" time="0.0" />
  <testcase classname="zutils.ZUtilsTest" name="deveriaCriarUmObjetoRegistradoNaFabricaComParametros" time="0.0010" />
  <testcase classname="zutils.ZUtilsTest" name="deveriaIterarElementos" time="0.0" />
  <testcase classname="zutils.ZUtilsTest" name="deveriaEnumerarElementos" time="0.0" />
  <testcase classname="zutils.ZUtilsTest" name="deveriaSerVazio" time="0.0" />
  <testcase classname="zutils.ZUtilsTest" name="deveriaNaoSerVazio" time="0.0" />
  <testcase classname="zutils.ZUtilsTest" name="deveriaLoggarObjetosEstatico" time="0.0090" />
  <testcase classname="zutils.ZUtilsTest" name="deveriaLoggarObjetosInstancia" time="0.0" />
  <testcase classname="zutils.ZUtilsTest" name="deveriaExecutarForEach" time="0.0010" />
  <testcase classname="zutils.ZUtilsTest" name="deveriaRegistrarENotificarEventos" time="0.0010" />
  <testcase classname="zutils.ZUtilsTest" name="deveriaRegistrarENotificarEventosClasse2" time="0.0020" />
  <system-out><![CDATA[clicou!!! zutils.ZUtilsTest@510dc6b5 - teste
class zutils.ZUtils
zutils.ZUtilsTest@510dc6b5
]]></system-out>
  <system-err><![CDATA[14/02/2013 23:56:44 zutils.core.defaults.LogHandlerDefault log
INFO: 123, Funcionando em: 55
14/02/2013 23:56:44 zutils.core.defaults.LogHandlerDefault log
INFO: Fim...
14/02/2013 23:56:44 zutils.core.defaults.LogHandlerDefault log
INFO: Ola mundo, crueu ;-( 
14/02/2013 23:56:44 zutils.core.defaults.LogHandlerDefault log
INFO: index[0] = 1
14/02/2013 23:56:44 zutils.core.defaults.LogHandlerDefault log
INFO: index[1] = 2
14/02/2013 23:56:44 zutils.core.defaults.LogHandlerDefault log
INFO: index[2] = 3
14/02/2013 23:56:44 zutils.core.defaults.LogHandlerDefault log
INFO: index[3] = 4
14/02/2013 23:56:44 zutils.core.defaults.LogHandlerDefault log
INFO: Ocorreu um click! Vindo de : zutils.ZUtilsTest@1de4f7c2
14/02/2013 23:56:44 zutils.core.defaults.LogHandlerDefault log
INFO: Gerador: mouse
14/02/2013 23:56:44 zutils.core.defaults.LogHandlerDefault log
INFO: Outro observer...
14/02/2013 23:56:44 zutils.core.defaults.LogHandlerDefault log
INFO: null
14/02/2013 23:56:44 zutils.core.defaults.LogHandlerDefault log
INFO: 666
]]></system-err>
</testsuite>
